<?xml version="1.0" encoding="UTF-8"?>
<testng-results skipped="0" failed="0" ignored="0" total="2" passed="2">
  <reporter-output>
  </reporter-output>
  <suite name="Default suite" duration-ms="11067" started-at="2019-03-25T09:58:38Z" finished-at="2019-03-25T09:58:49Z">
    <groups>
    </groups>
    <test name="Default test" duration-ms="11067" started-at="2019-03-25T09:58:38Z" finished-at="2019-03-25T09:58:49Z">
      <class name="com.petpooja.Testcases.LoginTestPetpooja">
        <test-method status="PASS" signature="setUpSuite()[pri:0, instance:com.petpooja.Testcases.LoginTestPetpooja@3bfdc050]" name="setUpSuite" is-config="true" duration-ms="454" started-at="2019-03-25T09:58:37Z" finished-at="2019-03-25T09:58:38Z">
          <reporter-output>
          </reporter-output>
        </test-method> <!-- setUpSuite -->
        <test-method status="PASS" signature="setup()[pri:0, instance:com.petpooja.Testcases.LoginTestPetpooja@3bfdc050]" name="setup" is-config="true" duration-ms="5600" started-at="2019-03-25T09:58:38Z" finished-at="2019-03-25T09:58:44Z">
          <reporter-output>
          </reporter-output>
        </test-method> <!-- setup -->
        <test-method status="PASS" signature="loginApp()[pri:1, instance:com.petpooja.Testcases.LoginTestPetpooja@3bfdc050]" name="loginApp" duration-ms="277" started-at="2019-03-25T09:58:44Z" finished-at="2019-03-25T09:58:44Z">
          <reporter-output>
          </reporter-output>
        </test-method> <!-- loginApp -->
        <test-method status="PASS" signature="tearDownMethod(org.testng.ITestResult)[pri:0, instance:com.petpooja.Testcases.LoginTestPetpooja@3bfdc050]" name="tearDownMethod" is-config="true" duration-ms="985" started-at="2019-03-25T09:58:44Z" finished-at="2019-03-25T09:58:45Z">
          <params>
            <param index="0">
              <value>
                <![CDATA[[TestResult name=loginApp status=SUCCESS method=LoginTestPetpooja.loginApp()[pri:1, instance:com.petpooja.Testcases.LoginTestPetpooja@3bfdc050] output={null}]]]>
              </value>
            </param>
          </params>
          <reporter-output>
          </reporter-output>
        </test-method> <!-- tearDownMethod -->
        <test-method status="PASS" signature="SelectRestaurant()[pri:2, instance:com.petpooja.Testcases.LoginTestPetpooja@3bfdc050]" name="SelectRestaurant" duration-ms="3025" started-at="2019-03-25T09:58:45Z" finished-at="2019-03-25T09:58:48Z">
          <reporter-output>
          </reporter-output>
        </test-method> <!-- SelectRestaurant -->
        <test-method status="PASS" signature="tearDownMethod(org.testng.ITestResult)[pri:0, instance:com.petpooja.Testcases.LoginTestPetpooja@3bfdc050]" name="tearDownMethod" is-config="true" duration-ms="521" started-at="2019-03-25T09:58:48Z" finished-at="2019-03-25T09:58:48Z">
          <params>
            <param index="0">
              <value>
                <![CDATA[[TestResult name=SelectRestaurant status=SUCCESS method=LoginTestPetpooja.SelectRestaurant()[pri:2, instance:com.petpooja.Testcases.LoginTestPetpooja@3bfdc050] output={null}]]]>
              </value>
            </param>
          </params>
          <reporter-output>
          </reporter-output>
        </test-method> <!-- tearDownMethod -->
        <test-method status="PASS" signature="tearDown()[pri:0, instance:com.petpooja.Testcases.LoginTestPetpooja@3bfdc050]" name="tearDown" is-config="true" duration-ms="631" started-at="2019-03-25T09:58:48Z" finished-at="2019-03-25T09:58:49Z">
          <reporter-output>
          </reporter-output>
        </test-method> <!-- tearDown -->
      </class> <!-- com.petpooja.Testcases.LoginTestPetpooja -->
    </test> <!-- Default test -->
  </suite> <!-- Default suite -->
</testng-results>
