<?xml version="1.0" encoding="UTF-8"?>
<testng-results skipped="0" failed="0" ignored="0" total="1" passed="1">
  <reporter-output>
  </reporter-output>
  <suite name="Default suite" duration-ms="6041" started-at="2019-03-04T05:14:59Z" finished-at="2019-03-04T05:15:06Z">
    <groups>
    </groups>
    <test name="Default test" duration-ms="6041" started-at="2019-03-04T05:14:59Z" finished-at="2019-03-04T05:15:06Z">
      <class name="com.petpooja.Testcases.LoginTestPetpooja">
        <test-method status="PASS" signature="setUpSuite()[pri:0, instance:com.petpooja.Testcases.LoginTestPetpooja@3bfdc050]" name="setUpSuite" is-config="true" duration-ms="366" started-at="2019-03-04T05:14:59Z" finished-at="2019-03-04T05:14:59Z">
          <reporter-output>
          </reporter-output>
        </test-method> <!-- setUpSuite -->
        <test-method status="PASS" signature="setup()[pri:0, instance:com.petpooja.Testcases.LoginTestPetpooja@3bfdc050]" name="setup" is-config="true" duration-ms="4523" started-at="2019-03-04T05:14:59Z" finished-at="2019-03-04T05:15:04Z">
          <reporter-output>
          </reporter-output>
        </test-method> <!-- setup -->
        <test-method status="PASS" signature="loginApp()[pri:0, instance:com.petpooja.Testcases.LoginTestPetpooja@3bfdc050]" name="loginApp" duration-ms="351" started-at="2019-03-04T05:15:04Z" finished-at="2019-03-04T05:15:04Z">
          <reporter-output>
          </reporter-output>
        </test-method> <!-- loginApp -->
        <test-method status="PASS" signature="tearDownMethod(org.testng.ITestResult)[pri:0, instance:com.petpooja.Testcases.LoginTestPetpooja@3bfdc050]" name="tearDownMethod" is-config="true" duration-ms="420" started-at="2019-03-04T05:15:04Z" finished-at="2019-03-04T05:15:05Z">
          <params>
            <param index="0">
              <value>
                <![CDATA[[TestResult name=loginApp status=SUCCESS method=LoginTestPetpooja.loginApp()[pri:0, instance:com.petpooja.Testcases.LoginTestPetpooja@3bfdc050] output={null}]]]>
              </value>
            </param>
          </params>
          <reporter-output>
          </reporter-output>
        </test-method> <!-- tearDownMethod -->
        <test-method status="PASS" signature="tearDown()[pri:0, instance:com.petpooja.Testcases.LoginTestPetpooja@3bfdc050]" name="tearDown" is-config="true" duration-ms="726" started-at="2019-03-04T05:15:05Z" finished-at="2019-03-04T05:15:06Z">
          <reporter-output>
          </reporter-output>
        </test-method> <!-- tearDown -->
      </class> <!-- com.petpooja.Testcases.LoginTestPetpooja -->
    </test> <!-- Default test -->
  </suite> <!-- Default suite -->
</testng-results>
